[2023-01-31T10:39:35.381] [WARN] default - Ruta Inexistente: Método GET Ruta: /favicon.ico
[2023-01-31T10:40:28.432] [WARN] default - Ruta Inexistente: Método GET Ruta: /scripts/register.js
[2023-01-31T10:40:28.770] [WARN] default - Ruta Inexistente: Método GET Ruta: /favicon.ico
[2023-01-31T10:40:43.276] [WARN] default - Ruta Inexistente: Método GET Ruta: /favicon.ico
[2023-01-31T10:40:47.232] [WARN] default - Ruta Inexistente: Método GET Ruta: /api/productos
[2023-01-31T10:40:47.411] [WARN] default - Ruta Inexistente: Método GET Ruta: /api/carrito/idCarrito/638b4f6d789bf8f3c8ad08e8
[2023-01-31T10:40:47.522] [WARN] default - Ruta Inexistente: Método GET Ruta: /favicon.ico
[2023-01-31T10:40:52.168] [WARN] default - Ruta Inexistente: Método GET Ruta: /api/productos
[2023-01-31T10:40:52.175] [WARN] default - Ruta Inexistente: Método GET Ruta: /favicon.ico
[2023-01-31T10:40:52.318] [WARN] default - Ruta Inexistente: Método GET Ruta: /api/carrito/idCarrito/638b4f6d789bf8f3c8ad08e8
[2023-01-31T10:42:28.410] [WARN] default - Ruta Inexistente: Método GET Ruta: /favicon.ico
[2023-01-31T10:56:56.643] [WARN] default - Ruta Inexistente: Método GET Ruta: /favicon.ico
[2023-01-31T10:56:58.173] [WARN] default - Ruta Inexistente: Método GET Ruta: /scripts/register.js
[2023-01-31T10:56:58.283] [WARN] default - Ruta Inexistente: Método GET Ruta: /favicon.ico
[2023-01-31T10:57:06.159] [WARN] default - Ruta Inexistente: Método GET Ruta: /favicon.ico
[2023-01-31T10:57:11.252] [WARN] default - Ruta Inexistente: Método GET Ruta: /favicon.ico
[2023-01-31T11:16:45.335] [WARN] default - Ruta Inexistente: Método GET Ruta: /favicon.ico
[2023-01-31T11:16:52.718] [WARN] default - Ruta Inexistente: Método GET Ruta: /favicon.ico
[2023-01-31T11:16:53.806] [WARN] default - Ruta Inexistente: Método GET Ruta: /favicon.ico
[2023-01-31T11:16:55.060] [WARN] default - Ruta Inexistente: Método GET Ruta: /favicon.ico
[2023-01-31T11:16:57.770] [WARN] default - Ruta Inexistente: Método GET Ruta: /favicon.ico
[2023-01-31T11:17:10.745] [WARN] default - Ruta Inexistente: Método GET Ruta: /favicon.ico
[2023-01-31T11:17:15.451] [WARN] default - Ruta Inexistente: Método GET Ruta: /favicon.ico
[2023-02-02T09:18:07.289] [WARN] default - Ruta Inexistente: Método GET Ruta: /favicon.ico
[2023-02-02T09:18:10.724] [WARN] default - Ruta Inexistente: Método GET Ruta: /scripts/register.js
[2023-02-02T09:18:10.806] [WARN] default - Ruta Inexistente: Método GET Ruta: /favicon.ico
[2023-02-02T09:18:59.556] [WARN] default - Ruta Inexistente: Método GET Ruta: /favicon.ico
[2023-02-02T09:21:02.848] [WARN] default - Ruta Inexistente: Método GET Ruta: /scripts/register.js
[2023-02-02T09:21:03.517] [WARN] default - Ruta Inexistente: Método GET Ruta: /favicon.ico
[2023-02-02T09:21:10.292] [WARN] default - Ruta Inexistente: Método GET Ruta: /favicon.ico
[2023-02-02T09:21:18.947] [WARN] default - Ruta Inexistente: Método GET Ruta: /favicon.ico
[2023-02-02T09:30:20.242] [WARN] default - Ruta Inexistente: Método GET Ruta: /favicon.ico
[2023-02-02T09:30:22.165] [WARN] default - Ruta Inexistente: Método GET Ruta: /favicon.ico
[2023-02-02T09:30:23.639] [WARN] default - Ruta Inexistente: Método GET Ruta: /scripts/register.js
[2023-02-02T09:30:23.893] [WARN] default - Ruta Inexistente: Método GET Ruta: /favicon.ico
[2023-02-02T09:30:32.112] [WARN] default - Ruta Inexistente: Método GET Ruta: /favicon.ico
[2023-02-02T09:30:38.547] [WARN] default - Ruta Inexistente: Método GET Ruta: /favicon.ico
[2023-02-02T09:37:32.147] [WARN] default - Ruta Inexistente: Método GET Ruta: /favicon.ico
[2023-02-02T09:37:35.369] [WARN] default - Ruta Inexistente: Método GET Ruta: /favicon.ico
[2023-02-02T09:37:36.603] [WARN] default - Ruta Inexistente: Método GET Ruta: /favicon.ico
[2023-02-02T09:37:38.467] [WARN] default - Ruta Inexistente: Método GET Ruta: /favicon.ico
[2023-02-02T09:37:44.251] [WARN] default - Ruta Inexistente: Método GET Ruta: /favicon.ico
[2023-02-02T09:37:46.681] [WARN] default - Ruta Inexistente: Método GET Ruta: /scripts/register.js
[2023-02-02T09:37:46.988] [WARN] default - Ruta Inexistente: Método GET Ruta: /favicon.ico
[2023-02-02T09:38:46.003] [WARN] default - Ruta Inexistente: Método GET Ruta: /favicon.ico
[2023-02-02T09:39:41.625] [WARN] default - Ruta Inexistente: Método GET Ruta: /favicon.ico
[2023-02-02T09:39:49.163] [WARN] default - Ruta Inexistente: Método GET Ruta: /favicon.ico
[2023-02-02T09:42:48.020] [WARN] default - Ruta Inexistente: Método GET Ruta: /favicon.ico
[2023-02-02T09:42:49.310] [WARN] default - Ruta Inexistente: Método GET Ruta: /favicon.ico
[2023-02-02T09:42:51.776] [WARN] default - Ruta Inexistente: Método GET Ruta: /public/scripts/registro.js
[2023-02-02T09:42:51.993] [WARN] default - Ruta Inexistente: Método GET Ruta: /favicon.ico
[2023-02-02T09:47:52.287] [WARN] default - Ruta Inexistente: Método GET Ruta: /favicon.ico
[2023-02-02T09:47:52.298] [WARN] default - Ruta Inexistente: Método GET Ruta: /favicon.ico
[2023-02-02T09:47:54.303] [WARN] default - Ruta Inexistente: Método GET Ruta: /favicon.ico
[2023-02-02T09:47:54.775] [WARN] default - Ruta Inexistente: Método GET Ruta: /favicon.ico
[2023-02-02T09:47:57.657] [WARN] default - Ruta Inexistente: Método GET Ruta: /favicon.ico
[2023-02-02T09:47:57.868] [WARN] default - Ruta Inexistente: Método GET Ruta: /favicon.ico
[2023-02-02T09:47:58.076] [WARN] default - Ruta Inexistente: Método GET Ruta: /favicon.ico
[2023-02-02T09:47:58.261] [WARN] default - Ruta Inexistente: Método GET Ruta: /favicon.ico
[2023-02-02T09:48:02.454] [WARN] default - Ruta Inexistente: Método GET Ruta: /favicon.ico
[2023-02-02T09:49:57.417] [WARN] default - Ruta Inexistente: Método GET Ruta: /favicon.ico
[2023-02-02T09:49:57.613] [WARN] default - Ruta Inexistente: Método GET Ruta: /favicon.ico
[2023-02-02T09:49:59.919] [WARN] default - Ruta Inexistente: Método GET Ruta: /favicon.ico
[2023-02-02T09:50:26.542] [WARN] default - Ruta Inexistente: Método GET Ruta: /favicon.ico
[2023-02-02T09:52:52.899] [WARN] default - Ruta Inexistente: Método GET Ruta: /favicon.ico
[2023-02-02T09:52:58.244] [WARN] default - Ruta Inexistente: Método GET Ruta: /favicon.ico
[2023-02-02T09:53:05.524] [WARN] default - Ruta Inexistente: Método GET Ruta: /favicon.ico
[2023-02-02T09:53:11.818] [WARN] default - Ruta Inexistente: Método GET Ruta: /favicon.ico
[2023-02-02T11:11:43.505] [WARN] default - Ruta Inexistente: Método GET Ruta: /favicon.ico
[2023-02-02T11:11:53.774] [WARN] default - Ruta Inexistente: Método GET Ruta: /favicon.ico
[2023-02-02T11:12:13.626] [WARN] default - Ruta Inexistente: Método GET Ruta: /sesiones
[2023-02-02T11:12:13.704] [WARN] default - Ruta Inexistente: Método GET Ruta: /favicon.ico
[2023-02-02T11:12:21.623] [WARN] default - Ruta Inexistente: Método GET Ruta: /sesiones/1
[2023-02-02T11:12:21.687] [WARN] default - Ruta Inexistente: Método GET Ruta: /favicon.ico
[2023-02-02T11:13:45.331] [WARN] default - Ruta Inexistente: Método GET Ruta: /sesiones/1
[2023-02-02T11:13:45.438] [WARN] default - Ruta Inexistente: Método GET Ruta: /favicon.ico
[2023-02-02T11:13:47.616] [WARN] default - Ruta Inexistente: Método GET Ruta: /sesiones/
[2023-02-02T11:13:47.681] [WARN] default - Ruta Inexistente: Método GET Ruta: /favicon.ico
[2023-02-02T11:13:49.804] [WARN] default - Ruta Inexistente: Método GET Ruta: /favicon.ico
[2023-02-02T11:13:50.340] [WARN] default - Ruta Inexistente: Método GET Ruta: /favicon.ico
[2023-02-02T11:13:51.552] [WARN] default - Ruta Inexistente: Método GET Ruta: /favicon.ico
[2023-02-02T11:14:06.251] [WARN] default - Ruta Inexistente: Método GET Ruta: /favicon.ico
[2023-02-02T11:14:09.689] [WARN] default - Ruta Inexistente: Método GET Ruta: /favicon.ico
[2023-02-02T11:14:10.690] [WARN] default - Ruta Inexistente: Método GET Ruta: /public/scripts/registro.js
[2023-02-02T11:14:10.802] [WARN] default - Ruta Inexistente: Método GET Ruta: /favicon.ico
